<?xml version="1.0" encoding="UTF-8"?>
<!-- Generated by org.testng.reporters.JUnitReportReporter -->
<testsuite skipped="0" hostname="Lenovo-PC" name="webDriverPrograms.CommonTestExamples" tests="1" failures="0" timestamp="16 Mar 2018 05:23:53 GMT" time="0.000" errors="0">
  <testcase name="f" time="0.000" classname="webDriverPrograms.CommonTestExamples"/>
</testsuite> <!-- webDriverPrograms.CommonTestExamples -->
